<?xml version="1.0" encoding="UTF-8"?>
<robot generator="Robot 3.0.4 (Python 3.6.5 on darwin)" generated="20180915 20:48:27.175">
<suite id="s1" name="Project" source="/Users/sujathasrideve/Pycharm/Robot/Tests/project.robot">
<test id="s1-t1" name="User must login into page">
<kw name="Open Browser" library="Selenium2Library">
<doc>Opens a new browser instance to the given ``url``.</doc>
<arguments>
<arg>https://www.amazon.in/</arg>
<arg>chrome</arg>
</arguments>
<msg timestamp="20180915 20:48:27.548" level="INFO">Opening browser 'chrome' to base url 'https://www.amazon.in/'.</msg>
<status status="PASS" starttime="20180915 20:48:27.548" endtime="20180915 20:48:36.314"></status>
</kw>
<doc>This is simple test.</doc>
<tags>
<tag>Smoke</tag>
</tags>
<status status="PASS" starttime="20180915 20:48:27.547" endtime="20180915 20:48:36.315" critical="yes"></status>
</test>
<doc>This is just the test program</doc>
<status status="PASS" starttime="20180915 20:48:27.177" endtime="20180915 20:48:36.317"></status>
</suite>
<statistics>
<total>
<stat pass="1" fail="0">Critical Tests</stat>
<stat pass="1" fail="0">All Tests</stat>
</total>
<tag>
<stat pass="1" fail="0">Smoke</stat>
</tag>
<suite>
<stat pass="1" fail="0" id="s1" name="Project">Project</stat>
</suite>
</statistics>
<errors>
</errors>
</robot>
